2023-03-17 12:00:30.621 [info] Extension host with pid 258 started
2023-03-17 12:00:30.651 [info] Lock '/home/os161user/.vscode-server/data/User/workspaceStorage/950acc1d4da4c7d0207b17f76c5c4d7f/vscode.lock': Lock acquired.
2023-03-17 12:00:30.719 [info] ExtensionService#_doActivateExtension vscode.emmet, startup: false, activationEvent: 'onLanguage'
2023-03-17 12:00:30.720 [info] ExtensionService#_doActivateExtension ms-vscode.cpptools, startup: false, activationEvent: 'onLanguage:c'
2023-03-17 12:00:30.722 [info] ExtensionService#_doActivateExtension vscode.git-base, startup: true, activationEvent: '*', root cause: vscode.git
2023-03-17 12:00:31.233 [info] ExtensionService#_doActivateExtension vscode.git, startup: true, activationEvent: '*'
2023-03-17 12:00:31.233 [info] ExtensionService#_doActivateExtension vscode.github, startup: true, activationEvent: '*'
2023-03-17 12:00:31.674 [info] ExtensionService#_doActivateExtension vscode.configuration-editing, startup: false, activationEvent: 'onLanguage:json'
2023-03-17 12:00:31.674 [info] ExtensionService#_doActivateExtension vscode.extension-editing, startup: false, activationEvent: 'onLanguage:json'
2023-03-17 12:00:31.675 [info] ExtensionService#_doActivateExtension vscode.json-language-features, startup: false, activationEvent: 'onLanguage:json'
2023-03-17 12:00:31.675 [info] ExtensionService#_doActivateExtension vscode.npm, startup: false, activationEvent: 'onLanguage:json'
2023-03-17 12:00:32.116 [info] Eager extensions activated
2023-03-17 12:00:32.117 [info] ExtensionService#_doActivateExtension vscode.debug-auto-launch, startup: false, activationEvent: 'onStartupFinished'
2023-03-17 12:00:32.118 [info] ExtensionService#_doActivateExtension vscode.merge-conflict, startup: false, activationEvent: 'onStartupFinished'
2023-03-17 12:00:32.265 [info] ExtensionService#_doActivateExtension vscode.typescript-language-features, startup: false, activationEvent: 'onLanguage:jsonc'
2023-03-17 12:00:33.401 [warning] DiagnosticCollection with name 'C/C++' does already exist.
2023-03-17 12:00:53.081 [info] ExtensionService#_doActivateExtension vscode.markdown-language-features, startup: false, activationEvent: 'onLanguage:markdown'
2023-03-17 12:00:53.788 [info] ExtensionService#_doActivateExtension vscode.markdown-math, startup: false, activationEvent: 'api', root cause: vscode.markdown-language-features
2023-03-17 12:10:02.634 [info] Extension host terminating: received terminate message from renderer
2023-03-17 12:10:02.635 [info] Lock '/home/os161user/.vscode-server/data/User/workspaceStorage/950acc1d4da4c7d0207b17f76c5c4d7f/vscode.lock': Marking the lockfile as scheduled to be released in 6000 ms.
2023-03-17 12:10:02.765 [info] Extension host with pid 258 exiting with code 0
