2023-03-17 11:27:23.144 [info] Extension host with pid 258 started
2023-03-17 11:27:23.161 [info] Lock '/home/os161user/.vscode-server/data/User/workspaceStorage/950acc1d4da4c7d0207b17f76c5c4d7f/vscode.lock': Lock acquired.
2023-03-17 11:27:23.200 [info] ExtensionService#_doActivateExtension vscode.emmet, startup: false, activationEvent: 'onLanguage'
2023-03-17 11:27:23.202 [info] ExtensionService#_doActivateExtension vscode.git-base, startup: true, activationEvent: '*', root cause: vscode.git
2023-03-17 11:27:23.273 [info] ExtensionService#_doActivateExtension vscode.git, startup: true, activationEvent: '*'
2023-03-17 11:27:23.274 [info] ExtensionService#_doActivateExtension vscode.github, startup: true, activationEvent: '*'
2023-03-17 11:27:23.512 [info] Eager extensions activated
2023-03-17 11:27:23.513 [info] ExtensionService#_doActivateExtension vscode.debug-auto-launch, startup: false, activationEvent: 'onStartupFinished'
2023-03-17 11:27:23.513 [info] ExtensionService#_doActivateExtension vscode.merge-conflict, startup: false, activationEvent: 'onStartupFinished'
2023-03-17 11:28:30.056 [info] ExtensionService#_doActivateExtension vscode.npm, startup: false, activationEvent: 'onTerminalQuickFixRequest:ms-vscode.npm-command'
2023-03-17 11:39:28.652 [info] ExtensionService#_doActivateExtension vscode.extension-editing, startup: false, activationEvent: 'onLanguage:markdown'
2023-03-17 11:39:28.653 [info] ExtensionService#_doActivateExtension vscode.markdown-language-features, startup: false, activationEvent: 'onLanguage:markdown'
2023-03-17 11:39:29.573 [info] ExtensionService#_doActivateExtension vscode.markdown-math, startup: false, activationEvent: 'api', root cause: vscode.markdown-language-features
2023-03-17 11:39:40.830 [info] ExtensionService#_doActivateExtension ms-vscode.cpptools, startup: false, activationEvent: 'onLanguage:c'
2023-03-17 11:39:41.392 [info] ExtensionService#_doActivateExtension vscode.configuration-editing, startup: false, activationEvent: 'onLanguage:json'
2023-03-17 11:39:41.393 [info] ExtensionService#_doActivateExtension vscode.json-language-features, startup: false, activationEvent: 'onLanguage:json'
2023-03-17 11:39:41.753 [info] ExtensionService#_doActivateExtension vscode.typescript-language-features, startup: false, activationEvent: 'onLanguage:jsonc'
2023-03-17 11:39:49.647 [warning] DiagnosticCollection with name 'C/C++' does already exist.
2023-03-17 11:47:05.309 [info] Extension host terminating: received terminate message from renderer
2023-03-17 11:47:05.313 [info] Lock '/home/os161user/.vscode-server/data/User/workspaceStorage/950acc1d4da4c7d0207b17f76c5c4d7f/vscode.lock': Marking the lockfile as scheduled to be released in 6000 ms.
2023-03-17 11:47:05.456 [info] Extension host with pid 258 exiting with code 0
